#
# There is insufficient memory for the Java Runtime Environment to continue.
# Native memory allocation (mmap) failed to map 100663296 bytes for G1 virtual space
# Possible reasons:
#   The system is out of physical RAM or swap space
#   The process is running with CompressedOops enabled, and the Java Heap may be blocking the growth of the native heap
# Possible solutions:
#   Reduce memory load on the system
#   Increase physical memory or swap space
#   Check if swap backing store is full
#   Decrease Java heap size (-Xmx/-Xms)
#   Decrease number of Java threads
#   Decrease Java thread stack sizes (-Xss)
#   Set larger code cache with -XX:ReservedCodeCacheSize=
#   JVM is running with Unscaled Compressed Oops mode in which the Java heap is
#     placed in the first 4GB address space. The Java Heap base address is the
#     maximum limit for the native heap growth. Please use -XX:HeapBaseMinAddress
#     to set the Java Heap base and to place the Java Heap above 4GB virtual address.
# This output file may be truncated or incomplete.
#
#  Out of Memory Error (os_windows.cpp:3769), pid=15580, tid=11200
#
# JRE version: OpenJDK Runtime Environment (17.0.6) (build 17.0.6+0-b2043.56-9586694)
# Java VM: OpenJDK 64-Bit Server VM (17.0.6+0-b2043.56-9586694, mixed mode, tiered, compressed oops, compressed class ptrs, g1 gc, windows-amd64)
# No core dump will be written. Minidumps are not enabled by default on client versions of Windows
#

---------------  S U M M A R Y ------------

Command Line: org.jetbrains.kotlin.cli.jvm.K2JVMCompiler @D:\RangDong\ReactNative\Meno\node_modules\react-native-screens\android\build\20230729_10401576637486560226.compiler.options

Host: Intel(R) Core(TM) i5-6300U CPU @ 2.40GHz, 4 cores, 7G,  Windows 10 , 64 bit Build 19041 (10.0.19041.3155)
Time: Sat Jul 29 15:44:56 2023 SE Asia Standard Time elapsed time: 28.063099 seconds (0d 0h 0m 28s)

---------------  T H R E A D  ---------------

Current thread (0x00000253bde8c210):  VMThread "VM Thread" [stack: 0x00000099ba700000,0x00000099ba800000] [id=11200]

Stack: [0x00000099ba700000,0x00000099ba800000]
Native frames: (J=compiled Java code, j=interpreted, Vv=VM code, C=native code)
V  [jvm.dll+0x683b4a]
V  [jvm.dll+0x842654]
V  [jvm.dll+0x843dfe]
V  [jvm.dll+0x844463]
V  [jvm.dll+0x249b75]
V  [jvm.dll+0x680a19]
V  [jvm.dll+0x674f0a]
V  [jvm.dll+0x309acb]
V  [jvm.dll+0x310f86]
V  [jvm.dll+0x3608ee]
V  [jvm.dll+0x360b1f]
V  [jvm.dll+0x2dfbf8]
V  [jvm.dll+0x2ddec4]
V  [jvm.dll+0x2dd4cc]
V  [jvm.dll+0x321f3b]
V  [jvm.dll+0x84893b]
V  [jvm.dll+0x849674]
V  [jvm.dll+0x849b8d]
V  [jvm.dll+0x849f64]
V  [jvm.dll+0x84a030]
V  [jvm.dll+0x7f25fa]
V  [jvm.dll+0x682985]
C  [ucrtbase.dll+0x21bb2]
C  [KERNEL32.DLL+0x17614]
C  [ntdll.dll+0x526b1]

VM_Operation (0x00000099baffe4a0): G1CollectForAllocation, mode: safepoint, requested by thread 0x00000253bdee67c0


---------------  P R O C E S S  ---------------

Threads class SMR info:
_java_thread_list=0x00000253bea86ca0, length=12, elements={
0x00000253a29bc7b0, 0x00000253bdeff620, 0x00000253bdf003a0, 0x00000253bdf14930,
0x00000253bdf154e0, 0x00000253bdf17fa0, 0x00000253bdf18950, 0x00000253bdee4dc0,
0x00000253bdee67c0, 0x00000253bdeeba20, 0x00000253bea89ae0, 0x00000253bea8a240
}

Java Threads: ( => current thread )
  0x00000253a29bc7b0 JavaThread "main" [_thread_blocked, id=13836, stack(0x00000099ba000000,0x00000099ba100000)]
  0x00000253bdeff620 JavaThread "Reference Handler" daemon [_thread_blocked, id=8240, stack(0x00000099ba800000,0x00000099ba900000)]
  0x00000253bdf003a0 JavaThread "Finalizer" daemon [_thread_blocked, id=1156, stack(0x00000099ba900000,0x00000099baa00000)]
  0x00000253bdf14930 JavaThread "Signal Dispatcher" daemon [_thread_blocked, id=16156, stack(0x00000099baa00000,0x00000099bab00000)]
  0x00000253bdf154e0 JavaThread "Attach Listener" daemon [_thread_blocked, id=14672, stack(0x00000099bab00000,0x00000099bac00000)]
  0x00000253bdf17fa0 JavaThread "Service Thread" daemon [_thread_blocked, id=13864, stack(0x00000099bac00000,0x00000099bad00000)]
  0x00000253bdf18950 JavaThread "Monitor Deflation Thread" daemon [_thread_blocked, id=18332, stack(0x00000099bad00000,0x00000099bae00000)]
  0x00000253bdee4dc0 JavaThread "C2 CompilerThread0" daemon [_thread_blocked, id=19348, stack(0x00000099bae00000,0x00000099baf00000)]
  0x00000253bdee67c0 JavaThread "C1 CompilerThread0" daemon [_thread_blocked, id=9284, stack(0x00000099baf00000,0x00000099bb000000)]
  0x00000253bdeeba20 JavaThread "Sweeper thread" daemon [_thread_blocked, id=10520, stack(0x00000099bb000000,0x00000099bb100000)]
  0x00000253bea89ae0 JavaThread "Notification Thread" daemon [_thread_blocked, id=7488, stack(0x00000099bb100000,0x00000099bb200000)]
  0x00000253bea8a240 JavaThread "Common-Cleaner" daemon [_thread_blocked, id=912, stack(0x00000099bb300000,0x00000099bb400000)]

Other Threads:
=>0x00000253bde8c210 VMThread "VM Thread" [stack: 0x00000099ba700000,0x00000099ba800000] [id=11200]
  0x00000253bea89fb0 WatcherThread [stack: 0x00000099bb200000,0x00000099bb300000] [id=10696]
  0x00000253a4a47050 GCTaskThread "GC Thread#0" [stack: 0x00000099ba200000,0x00000099ba300000] [id=1768]
  0x00000253bee449a0 GCTaskThread "GC Thread#1" [stack: 0x00000099bb400000,0x00000099bb500000] [id=12404]
  0x00000253bee6e660 GCTaskThread "GC Thread#2" [stack: 0x00000099bb500000,0x00000099bb600000] [id=18660]
  0x00000253bee591f0 GCTaskThread "GC Thread#3" [stack: 0x00000099bb600000,0x00000099bb700000] [id=8368]
  0x00000253a4a57c10 ConcurrentGCThread "G1 Main Marker" [stack: 0x00000099ba300000,0x00000099ba400000] [id=16932]
  0x00000253a4a58620 ConcurrentGCThread "G1 Conc#0" [stack: 0x00000099ba400000,0x00000099ba500000] [id=19064]
  0x00000253bdd30090 ConcurrentGCThread "G1 Refine#0" [stack: 0x00000099ba500000,0x00000099ba600000] [id=8944]
  0x00000253c0ea3250 ConcurrentGCThread "G1 Refine#1" [stack: 0x00000099bb700000,0x00000099bb800000] [id=2944]
  0x00000253bdd30ab0 ConcurrentGCThread "G1 Service" [stack: 0x00000099ba600000,0x00000099ba700000] [id=4352]

Threads with active compile tasks:
C2 CompilerThread0    28112 7609   !   4       java.util.regex.Pattern::matcher (44 bytes)
C1 CompilerThread0    28112 7631       2       org.jetbrains.kotlin.com.intellij.util.keyFMap.PairElementsFMap::<init> (164 bytes)

VM state: at safepoint (normal execution)

VM Mutex/Monitor currently owned by a thread:  ([mutex/lock_event])
[0x00000253a49d8ac0] Threads_lock - owner thread: 0x00000253bde8c210
[0x00000253a49d8760] Heap_lock - owner thread: 0x00000253bdee67c0

Heap address: 0x0000000081c00000, size: 2020 MB, Compressed Oops mode: 32-bit

CDS archive(s) not mapped
Compressed class space mapped at: 0x0000000100000000-0x0000000140000000, reserved size: 1073741824
Narrow klass base: 0x0000000000000000, Narrow klass shift: 3, Narrow klass range: 0x140000000

GC Precious Log:
 CPUs: 4 total, 4 available
 Memory: 8073M
 Large Page Support: Disabled
 NUMA Support: Disabled
 Compressed Oops: Enabled (32-bit)
 Heap Region Size: 1M
 Heap Min Capacity: 8M
 Heap Initial Capacity: 128M
 Heap Max Capacity: 2020M
 Pre-touch: Disabled
 Parallel Workers: 4
 Concurrent Workers: 1
 Concurrent Refinement Workers: 4
 Periodic GC: Disabled

Heap:
 garbage-first heap   total 131072K, used 61306K [0x0000000081c00000, 0x0000000100000000)
  region size 1024K, 3 young (3072K), 3 survivors (3072K)
 Metaspace       used 61964K, committed 62272K, reserved 1105920K
  class space    used 7346K, committed 7488K, reserved 1048576K

Heap Regions: E=young(eden), S=young(survivor), O=old, HS=humongous(starts), HC=humongous(continues), CS=collection set, F=free, OA=open archive, CA=closed archive, TAMS=top-at-mark-start (previous, next)
|   0|0x0000000081c00000, 0x0000000081d00000, 0x0000000081d00000|100%|HS|  |TAMS 0x0000000081d00000, 0x0000000081d00000| Complete 
|   1|0x0000000081d00000, 0x0000000081e00000, 0x0000000081e00000|100%|HC|  |TAMS 0x0000000081e00000, 0x0000000081e00000| Complete 
|   2|0x0000000081e00000, 0x0000000081f00000, 0x0000000081f00000|100%|HC|  |TAMS 0x0000000081f00000, 0x0000000081f00000| Complete 
|   3|0x0000000081f00000, 0x0000000082000000, 0x0000000082000000|100%| O|  |TAMS 0x0000000082000000, 0x0000000082000000| Untracked 
|   4|0x0000000082000000, 0x0000000082100000, 0x0000000082100000|100%| O|  |TAMS 0x0000000082100000, 0x0000000082100000| Untracked 
|   5|0x0000000082100000, 0x000000008213d800, 0x0000000082200000| 24%| O|  |TAMS 0x000000008213d800, 0x000000008213d800| Untracked 
|   6|0x0000000082200000, 0x0000000082300000, 0x0000000082300000|100%|HS|  |TAMS 0x0000000082300000, 0x0000000082300000| Complete 
|   7|0x0000000082300000, 0x0000000082400000, 0x0000000082400000|100%|HC|  |TAMS 0x0000000082400000, 0x0000000082400000| Complete 
|   8|0x0000000082400000, 0x0000000082500000, 0x0000000082500000|100%|HC|  |TAMS 0x0000000082500000, 0x0000000082500000| Complete 
|   9|0x0000000082500000, 0x0000000082600000, 0x0000000082600000|100%| O|  |TAMS 0x0000000082600000, 0x0000000082600000| Untracked 
|  10|0x0000000082600000, 0x0000000082700000, 0x0000000082700000|100%| O|  |TAMS 0x0000000082700000, 0x0000000082700000| Untracked 
|  11|0x0000000082700000, 0x0000000082800000, 0x0000000082800000|100%| O|  |TAMS 0x0000000082800000, 0x0000000082800000| Untracked 
|  12|0x0000000082800000, 0x0000000082900000, 0x0000000082900000|100%| O|  |TAMS 0x0000000082900000, 0x0000000082900000| Untracked 
|  13|0x0000000082900000, 0x0000000082a00000, 0x0000000082a00000|100%| O|  |TAMS 0x0000000082a00000, 0x0000000082a00000| Untracked 
|  14|0x0000000082a00000, 0x0000000082b00000, 0x0000000082b00000|100%| O|  |TAMS 0x0000000082b00000, 0x0000000082b00000| Untracked 
|  15|0x0000000082b00000, 0x0000000082c00000, 0x0000000082c00000|100%| O|  |TAMS 0x0000000082c00000, 0x0000000082c00000| Untracked 
|  16|0x0000000082c00000, 0x0000000082d00000, 0x0000000082d00000|100%| O|  |TAMS 0x0000000082d00000, 0x0000000082d00000| Untracked 
|  17|0x0000000082d00000, 0x0000000082e00000, 0x0000000082e00000|100%| O|  |TAMS 0x0000000082e00000, 0x0000000082e00000| Untracked 
|  18|0x0000000082e00000, 0x0000000082f00000, 0x0000000082f00000|100%| O|  |TAMS 0x0000000082f00000, 0x0000000082f00000| Untracked 
|  19|0x0000000082f00000, 0x0000000083000000, 0x0000000083000000|100%| O|  |TAMS 0x0000000083000000, 0x0000000083000000| Untracked 
|  20|0x0000000083000000, 0x0000000083100000, 0x0000000083100000|100%| O|  |TAMS 0x0000000083100000, 0x0000000083100000| Untracked 
|  21|0x0000000083100000, 0x0000000083200000, 0x0000000083200000|100%| O|  |TAMS 0x0000000083200000, 0x0000000083200000| Untracked 
|  22|0x0000000083200000, 0x0000000083300000, 0x0000000083300000|100%| O|  |TAMS 0x0000000083300000, 0x0000000083300000| Untracked 
|  23|0x0000000083300000, 0x0000000083400000, 0x0000000083400000|100%| O|  |TAMS 0x0000000083400000, 0x0000000083400000| Untracked 
|  24|0x0000000083400000, 0x0000000083500000, 0x0000000083500000|100%| O|  |TAMS 0x0000000083500000, 0x0000000083500000| Untracked 
|  25|0x0000000083500000, 0x0000000083600000, 0x0000000083600000|100%| O|  |TAMS 0x0000000083600000, 0x0000000083600000| Untracked 
|  26|0x0000000083600000, 0x0000000083700000, 0x0000000083700000|100%| O|  |TAMS 0x0000000083700000, 0x0000000083700000| Untracked 
|  27|0x0000000083700000, 0x0000000083800000, 0x0000000083800000|100%|HS|  |TAMS 0x0000000083800000, 0x0000000083800000| Complete 
|  28|0x0000000083800000, 0x0000000083900000, 0x0000000083900000|100%|HC|  |TAMS 0x0000000083900000, 0x0000000083900000| Complete 
|  29|0x0000000083900000, 0x0000000083a00000, 0x0000000083a00000|100%| O|  |TAMS 0x0000000083a00000, 0x0000000083a00000| Untracked 
|  30|0x0000000083a00000, 0x0000000083b00000, 0x0000000083b00000|100%| O|  |TAMS 0x0000000083b00000, 0x0000000083b00000| Untracked 
|  31|0x0000000083b00000, 0x0000000083c00000, 0x0000000083c00000|100%| O|  |TAMS 0x0000000083c00000, 0x0000000083c00000| Untracked 
|  32|0x0000000083c00000, 0x0000000083d00000, 0x0000000083d00000|100%| O|  |TAMS 0x0000000083d00000, 0x0000000083d00000| Untracked 
|  33|0x0000000083d00000, 0x0000000083e00000, 0x0000000083e00000|100%| O|  |TAMS 0x0000000083e00000, 0x0000000083e00000| Untracked 
|  34|0x0000000083e00000, 0x0000000083f00000, 0x0000000083f00000|100%| O|  |TAMS 0x0000000083f00000, 0x0000000083f00000| Untracked 
|  35|0x0000000083f00000, 0x0000000084000000, 0x0000000084000000|100%| O|  |TAMS 0x0000000083f00000, 0x0000000084000000| Untracked 
|  36|0x0000000084000000, 0x00000000840a1000, 0x0000000084100000| 62%| O|  |TAMS 0x0000000084000000, 0x0000000084000000| Untracked 
|  37|0x0000000084100000, 0x0000000084200000, 0x0000000084200000|100%| O|  |TAMS 0x0000000084200000, 0x0000000084200000| Untracked 
|  38|0x0000000084200000, 0x0000000084300000, 0x0000000084300000|100%| O|  |TAMS 0x0000000084300000, 0x0000000084300000| Untracked 
|  39|0x0000000084300000, 0x0000000084400000, 0x0000000084400000|100%| O|  |TAMS 0x0000000084400000, 0x0000000084400000| Untracked 
|  40|0x0000000084400000, 0x0000000084500000, 0x0000000084500000|100%| O|  |TAMS 0x0000000084500000, 0x0000000084500000| Untracked 
|  41|0x0000000084500000, 0x0000000084600000, 0x0000000084600000|100%| O|  |TAMS 0x0000000084600000, 0x0000000084600000| Untracked 
|  42|0x0000000084600000, 0x0000000084700000, 0x0000000084700000|100%| O|  |TAMS 0x0000000084700000, 0x0000000084700000| Untracked 
|  43|0x0000000084700000, 0x0000000084800000, 0x0000000084800000|100%| O|  |TAMS 0x0000000084800000, 0x0000000084800000| Untracked 
|  44|0x0000000084800000, 0x0000000084900000, 0x0000000084900000|100%| O|  |TAMS 0x0000000084900000, 0x0000000084900000| Untracked 
|  45|0x0000000084900000, 0x0000000084a00000, 0x0000000084a00000|100%| O|  |TAMS 0x00000000849ee800, 0x0000000084a00000| Untracked 
|  46|0x0000000084a00000, 0x0000000084b00000, 0x0000000084b00000|100%| O|  |TAMS 0x0000000084a00000, 0x0000000084b00000| Untracked 
|  47|0x0000000084b00000, 0x0000000084c00000, 0x0000000084c00000|100%| O|  |TAMS 0x0000000084b00000, 0x0000000084c00000| Untracked 
|  48|0x0000000084c00000, 0x0000000084d00000, 0x0000000084d00000|100%| O|  |TAMS 0x0000000084c00000, 0x0000000084d00000| Untracked 
|  49|0x0000000084d00000, 0x0000000084e00000, 0x0000000084e00000|100%| O|  |TAMS 0x0000000084d00000, 0x0000000084e00000| Untracked 
|  50|0x0000000084e00000, 0x0000000084f00000, 0x0000000084f00000|100%| O|  |TAMS 0x0000000084e00000, 0x0000000084f00000| Untracked 
|  51|0x0000000084f00000, 0x0000000085000000, 0x0000000085000000|100%| O|  |TAMS 0x0000000084f00000, 0x0000000085000000| Untracked 
|  52|0x0000000085000000, 0x0000000085100000, 0x0000000085100000|100%| O|  |TAMS 0x0000000085000000, 0x0000000085100000| Untracked 
|  53|0x0000000085100000, 0x0000000085200000, 0x0000000085200000|100%| O|  |TAMS 0x0000000085100000, 0x0000000085200000| Untracked 
|  54|0x0000000085200000, 0x0000000085300000, 0x0000000085300000|100%| O|  |TAMS 0x0000000085200000, 0x0000000085300000| Untracked 
|  55|0x0000000085300000, 0x0000000085400000, 0x0000000085400000|100%| O|  |TAMS 0x0000000085300000, 0x0000000085400000| Untracked 
|  56|0x0000000085400000, 0x0000000085500000, 0x0000000085500000|100%| O|  |TAMS 0x0000000085400000, 0x0000000085500000| Untracked 
|  57|0x0000000085500000, 0x0000000085600000, 0x0000000085600000|100%| O|  |TAMS 0x0000000085500000, 0x00000000855cf200| Untracked 
|  58|0x0000000085600000, 0x0000000085600000, 0x0000000085700000|  0%| F|  |TAMS 0x0000000085600000, 0x0000000085600000| Untracked 
|  59|0x0000000085700000, 0x0000000085700000, 0x0000000085800000|  0%| F|  |TAMS 0x0000000085700000, 0x0000000085700000| Untracked 
|  60|0x0000000085800000, 0x0000000085800000, 0x0000000085900000|  0%| F|  |TAMS 0x0000000085800000, 0x0000000085800000| Untracked 
|  61|0x0000000085900000, 0x0000000085900000, 0x0000000085a00000|  0%| F|  |TAMS 0x0000000085900000, 0x0000000085900000| Untracked 
|  62|0x0000000085a00000, 0x0000000085a00000, 0x0000000085b00000|  0%| F|  |TAMS 0x0000000085a00000, 0x0000000085a00000| Untracked 
|  63|0x0000000085b00000, 0x0000000085b00000, 0x0000000085c00000|  0%| F|  |TAMS 0x0000000085b00000, 0x0000000085b00000| Untracked 
|  64|0x0000000085c00000, 0x0000000085c00000, 0x0000000085d00000|  0%| F|  |TAMS 0x0000000085c00000, 0x0000000085c00000| Untracked 
|  65|0x0000000085d00000, 0x0000000085d00000, 0x0000000085e00000|  0%| F|  |TAMS 0x0000000085d00000, 0x0000000085d00000| Untracked 
|  66|0x0000000085e00000, 0x0000000085e00000, 0x0000000085f00000|  0%| F|  |TAMS 0x0000000085e00000, 0x0000000085e00000| Untracked 
|  67|0x0000000085f00000, 0x0000000085f00000, 0x0000000086000000|  0%| F|  |TAMS 0x0000000085f00000, 0x0000000085f00000| Untracked 
|  68|0x0000000086000000, 0x0000000086000000, 0x0000000086100000|  0%| F|  |TAMS 0x0000000086000000, 0x0000000086000000| Untracked 
|  69|0x0000000086100000, 0x0000000086100000, 0x0000000086200000|  0%| F|  |TAMS 0x0000000086100000, 0x0000000086100000| Untracked 
|  70|0x0000000086200000, 0x0000000086200000, 0x0000000086300000|  0%| F|  |TAMS 0x0000000086200000, 0x0000000086200000| Untracked 
|  71|0x0000000086300000, 0x0000000086300000, 0x0000000086400000|  0%| F|  |TAMS 0x0000000086300000, 0x0000000086300000| Untracked 
|  72|0x0000000086400000, 0x0000000086400000, 0x0000000086500000|  0%| F|  |TAMS 0x0000000086400000, 0x0000000086400000| Untracked 
|  73|0x0000000086500000, 0x0000000086500000, 0x0000000086600000|  0%| F|  |TAMS 0x0000000086500000, 0x0000000086500000| Untracked 
|  74|0x0000000086600000, 0x0000000086700000, 0x0000000086700000|100%| S|CS|TAMS 0x0000000086600000, 0x0000000086600000| Complete 
|  75|0x0000000086700000, 0x0000000086800000, 0x0000000086800000|100%| S|CS|TAMS 0x0000000086700000, 0x0000000086700000| Complete 
|  76|0x0000000086800000, 0x0000000086900000, 0x0000000086900000|100%| S|CS|TAMS 0x0000000086800000, 0x0000000086800000| Complete 
|  77|0x0000000086900000, 0x0000000086900000, 0x0000000086a00000|  0%| F|  |TAMS 0x0000000086900000, 0x0000000086900000| Untracked 
|  78|0x0000000086a00000, 0x0000000086a00000, 0x0000000086b00000|  0%| F|  |TAMS 0x0000000086a00000, 0x0000000086a00000| Untracked 
|  79|0x0000000086b00000, 0x0000000086b00000, 0x0000000086c00000|  0%| F|  |TAMS 0x0000000086b00000, 0x0000000086b00000| Untracked 
|  80|0x0000000086c00000, 0x0000000086c00000, 0x0000000086d00000|  0%| F|  |TAMS 0x0000000086c00000, 0x0000000086c00000| Untracked 
|  81|0x0000000086d00000, 0x0000000086d00000, 0x0000000086e00000|  0%| F|  |TAMS 0x0000000086d00000, 0x0000000086d00000| Untracked 
|  82|0x0000000086e00000, 0x0000000086e00000, 0x0000000086f00000|  0%| F|  |TAMS 0x0000000086e00000, 0x0000000086e00000| Untracked 
|  83|0x0000000086f00000, 0x0000000086f00000, 0x0000000087000000|  0%| F|  |TAMS 0x0000000086f00000, 0x0000000086f00000| Untracked 
|  84|0x0000000087000000, 0x0000000087000000, 0x0000000087100000|  0%| F|  |TAMS 0x0000000087000000, 0x0000000087000000| Untracked 
|  85|0x0000000087100000, 0x0000000087100000, 0x0000000087200000|  0%| F|  |TAMS 0x0000000087100000, 0x0000000087100000| Untracked 
|  86|0x0000000087200000, 0x0000000087200000, 0x0000000087300000|  0%| F|  |TAMS 0x0000000087200000, 0x0000000087200000| Untracked 
|  87|0x0000000087300000, 0x0000000087300000, 0x0000000087400000|  0%| F|  |TAMS 0x0000000087300000, 0x0000000087300000| Untracked 
|  88|0x0000000087400000, 0x0000000087400000, 0x0000000087500000|  0%| F|  |TAMS 0x0000000087400000, 0x0000000087400000| Untracked 
|  89|0x0000000087500000, 0x0000000087500000, 0x0000000087600000|  0%| F|  |TAMS 0x0000000087500000, 0x0000000087500000| Untracked 
|  90|0x0000000087600000, 0x0000000087600000, 0x0000000087700000|  0%| F|  |TAMS 0x0000000087600000, 0x0000000087600000| Untracked 
|  91|0x0000000087700000, 0x0000000087700000, 0x0000000087800000|  0%| F|  |TAMS 0x0000000087700000, 0x0000000087700000| Untracked 
|  92|0x0000000087800000, 0x0000000087800000, 0x0000000087900000|  0%| F|  |TAMS 0x0000000087800000, 0x0000000087800000| Untracked 
|  93|0x0000000087900000, 0x0000000087900000, 0x0000000087a00000|  0%| F|  |TAMS 0x0000000087900000, 0x0000000087900000| Untracked 
|  94|0x0000000087a00000, 0x0000000087a00000, 0x0000000087b00000|  0%| F|  |TAMS 0x0000000087a00000, 0x0000000087a00000| Untracked 
|  95|0x0000000087b00000, 0x0000000087b00000, 0x0000000087c00000|  0%| F|  |TAMS 0x0000000087b00000, 0x0000000087b00000| Untracked 
|  96|0x0000000087c00000, 0x0000000087c00000, 0x0000000087d00000|  0%| F|  |TAMS 0x0000000087c00000, 0x0000000087c00000| Untracked 
|  97|0x0000000087d00000, 0x0000000087d00000, 0x0000000087e00000|  0%| F|  |TAMS 0x0000000087d00000, 0x0000000087d00000| Untracked 
|  98|0x0000000087e00000, 0x0000000087e00000, 0x0000000087f00000|  0%| F|  |TAMS 0x0000000087e00000, 0x0000000087e00000| Untracked 
|  99|0x0000000087f00000, 0x0000000087f00000, 0x0000000088000000|  0%| F|  |TAMS 0x0000000087f00000, 0x0000000087f00000| Untracked 
| 100|0x0000000088000000, 0x0000000088000000, 0x0000000088100000|  0%| F|  |TAMS 0x0000000088000000, 0x0000000088000000| Untracked 
| 101|0x0000000088100000, 0x0000000088100000, 0x0000000088200000|  0%| F|  |TAMS 0x0000000088100000, 0x0000000088100000| Untracked 
| 102|0x0000000088200000, 0x0000000088200000, 0x0000000088300000|  0%| F|  |TAMS 0x0000000088200000, 0x0000000088200000| Untracked 
| 103|0x0000000088300000, 0x0000000088300000, 0x0000000088400000|  0%| F|  |TAMS 0x0000000088300000, 0x0000000088300000| Untracked 
| 104|0x0000000088400000, 0x0000000088400000, 0x0000000088500000|  0%| F|  |TAMS 0x0000000088400000, 0x0000000088400000| Untracked 
| 105|0x0000000088500000, 0x0000000088500000, 0x0000000088600000|  0%| F|  |TAMS 0x0000000088500000, 0x0000000088500000| Untracked 
| 106|0x0000000088600000, 0x0000000088600000, 0x0000000088700000|  0%| F|  |TAMS 0x0000000088600000, 0x0000000088600000| Untracked 
| 107|0x0000000088700000, 0x0000000088700000, 0x0000000088800000|  0%| F|  |TAMS 0x0000000088700000, 0x0000000088700000| Untracked 
| 108|0x0000000088800000, 0x0000000088800000, 0x0000000088900000|  0%| F|  |TAMS 0x0000000088800000, 0x0000000088800000| Untracked 
| 109|0x0000000088900000, 0x0000000088900000, 0x0000000088a00000|  0%| F|  |TAMS 0x0000000088900000, 0x0000000088900000| Untracked 
| 110|0x0000000088a00000, 0x0000000088a00000, 0x0000000088b00000|  0%| F|  |TAMS 0x0000000088a00000, 0x0000000088a00000| Untracked 
| 111|0x0000000088b00000, 0x0000000088b00000, 0x0000000088c00000|  0%| F|  |TAMS 0x0000000088b00000, 0x0000000088b00000| Untracked 
| 112|0x0000000088c00000, 0x0000000088c00000, 0x0000000088d00000|  0%| F|  |TAMS 0x0000000088c00000, 0x0000000088c00000| Untracked 
| 113|0x0000000088d00000, 0x0000000088d00000, 0x0000000088e00000|  0%| F|  |TAMS 0x0000000088d00000, 0x0000000088d00000| Untracked 
| 114|0x0000000088e00000, 0x0000000088e00000, 0x0000000088f00000|  0%| F|  |TAMS 0x0000000088e00000, 0x0000000088e00000| Untracked 
| 115|0x0000000088f00000, 0x0000000088f00000, 0x0000000089000000|  0%| F|  |TAMS 0x0000000088f00000, 0x0000000088f00000| Untracked 
| 116|0x0000000089000000, 0x0000000089000000, 0x0000000089100000|  0%| F|  |TAMS 0x0000000089000000, 0x0000000089000000| Untracked 
| 117|0x0000000089100000, 0x0000000089100000, 0x0000000089200000|  0%| F|  |TAMS 0x0000000089100000, 0x0000000089100000| Untracked 
| 118|0x0000000089200000, 0x0000000089200000, 0x0000000089300000|  0%| F|  |TAMS 0x0000000089200000, 0x0000000089200000| Untracked 
| 119|0x0000000089300000, 0x0000000089300000, 0x0000000089400000|  0%| F|  |TAMS 0x0000000089300000, 0x0000000089300000| Untracked 
| 120|0x0000000089400000, 0x0000000089400000, 0x0000000089500000|  0%| F|  |TAMS 0x0000000089400000, 0x0000000089400000| Untracked 
| 121|0x0000000089500000, 0x0000000089500000, 0x0000000089600000|  0%| F|  |TAMS 0x0000000089500000, 0x0000000089500000| Untracked 
| 122|0x0000000089600000, 0x0000000089600000, 0x0000000089700000|  0%| F|  |TAMS 0x0000000089600000, 0x0000000089600000| Untracked 
| 123|0x0000000089700000, 0x0000000089700000, 0x0000000089800000|  0%| F|  |TAMS 0x0000000089700000, 0x0000000089700000| Untracked 
| 124|0x0000000089800000, 0x0000000089800000, 0x0000000089900000|  0%| F|  |TAMS 0x0000000089800000, 0x0000000089800000| Untracked 
| 125|0x0000000089900000, 0x0000000089900000, 0x0000000089a00000|  0%| F|  |TAMS 0x0000000089900000, 0x0000000089900000| Untracked 
| 126|0x0000000089a00000, 0x0000000089a00000, 0x0000000089b00000|  0%| F|  |TAMS 0x0000000089a00000, 0x0000000089a00000| Untracked 
| 127|0x0000000089b00000, 0x0000000089b00000, 0x0000000089c00000|  0%| F|  |TAMS 0x0000000089b00000, 0x0000000089b00000| Untracked 

Card table byte_map: [0x00000253b72c0000,0x00000253b76c0000] _byte_map_base: 0x00000253b6eb2000

Marking Bits (Prev, Next): (CMBitMap*) 0x00000253a4a476a0, (CMBitMap*) 0x00000253a4a47660
 Prev Bits: [0x00000253b9a50000, 0x00000253bb9e0000)
 Next Bits: [0x00000253b7ac0000, 0x00000253b9a50000)

Polling page: 0x00000253a41c0000

Metaspace:

Usage:
  Non-class:     53.34 MB used.
      Class:      7.17 MB used.
       Both:     60.51 MB used.

Virtual space:
  Non-class space:       56.00 MB reserved,      53.50 MB ( 96%) committed,  7 nodes.
      Class space:        1.00 GB reserved,       7.31 MB ( <1%) committed,  1 nodes.
             Both:        1.05 GB reserved,      60.81 MB (  6%) committed. 

Chunk freelists:
   Non-Class:  2.33 MB
       Class:  672.00 KB
        Both:  2.98 MB

MaxMetaspaceSize: unlimited
CompressedClassSpaceSize: 1.00 GB
Initial GC threshold: 21.00 MB
Current GC threshold: 100.31 MB
CDS: off
MetaspaceReclaimPolicy: balanced
 - commit_granule_bytes: 65536.
 - commit_granule_words: 8192.
 - virtual_space_node_default_size: 1048576.
 - enlarge_chunks_in_place: 1.
 - new_chunks_are_fully_committed: 0.
 - uncommit_free_chunks: 1.
 - use_allocation_guard: 0.
 - handle_deallocations: 1.


Internal statistics:

num_allocs_failed_limit: 3.
num_arena_births: 320.
num_arena_deaths: 0.
num_vsnodes_births: 8.
num_vsnodes_deaths: 0.
num_space_committed: 971.
num_space_uncommitted: 0.
num_chunks_returned_to_freelist: 3.
num_chunks_taken_from_freelist: 2282.
num_chunk_merges: 3.
num_chunk_splits: 1752.
num_chunks_enlarged: 1499.
num_purges: 0.
num_inconsistent_stats: 0.

CodeHeap 'non-profiled nmethods': size=120000Kb used=3170Kb max_used=3170Kb free=116829Kb
 bounds [0x00000253af990000, 0x00000253afcb0000, 0x00000253b6ec0000]
CodeHeap 'profiled nmethods': size=120000Kb used=15458Kb max_used=15458Kb free=104541Kb
 bounds [0x00000253a7ec0000, 0x00000253a8de0000, 0x00000253af3f0000]
CodeHeap 'non-nmethods': size=5760Kb used=1299Kb max_used=1366Kb free=4460Kb
 bounds [0x00000253af3f0000, 0x00000253af660000, 0x00000253af990000]
 total_blobs=8128 nmethods=7511 adapters=528
 compilation: enabled
              stopped_count=0, restarted_count=0
 full_count=0

Compilation events (20 events):
Event: 28.035 Thread 0x00000253bdee4dc0 nmethod 7608 0x00000253afca8490 code [0x00000253afca8620, 0x00000253afca8798]
Event: 28.035 Thread 0x00000253bdee4dc0 7609   !   4       java.util.regex.Pattern::matcher (44 bytes)
Event: 28.035 Thread 0x00000253bdee67c0 nmethod 7623 0x00000253a8dd2290 code [0x00000253a8dd2680, 0x00000253a8dd3608]
Event: 28.036 Thread 0x00000253bdee67c0 7621       2       org.jetbrains.kotlin.resolve.lazy.declarations.AbstractPsiBasedDeclarationProvider::getPropertyDeclarations (41 bytes)
Event: 28.036 Thread 0x00000253bdee67c0 nmethod 7621 0x00000253a8dd4310 code [0x00000253a8dd4540, 0x00000253a8dd49b8]
Event: 28.036 Thread 0x00000253bdee67c0 7622       2       org.jetbrains.kotlin.resolve.lazy.declarations.AbstractPsiBasedDeclarationProvider::getDestructuringDeclarationsEntries (44 bytes)
Event: 28.037 Thread 0x00000253bdee67c0 nmethod 7622 0x00000253a8dd4c90 code [0x00000253a8dd4ec0, 0x00000253a8dd5378]
Event: 28.037 Thread 0x00000253bdee67c0 7624   !   2       org.jetbrains.kotlin.resolve.extensions.SyntheticResolveExtension$Companion$getInstance$1::generateSyntheticProperties (174 bytes)
Event: 28.039 Thread 0x00000253bdee67c0 nmethod 7624 0x00000253a8dd5690 code [0x00000253a8dd5a40, 0x00000253a8dd6808]
Event: 28.040 Thread 0x00000253bdee67c0 7625       2       gnu.trove.PrimeFinder::nextPrime (23 bytes)
Event: 28.040 Thread 0x00000253bdee67c0 nmethod 7625 0x00000253a8dd7310 code [0x00000253a8dd74c0, 0x00000253a8dd7628]
Event: 28.041 Thread 0x00000253bdee67c0 7626       2       org.jetbrains.kotlin.resolve.QualifiedExpressionResolver::resolveToPackageOrClass (58 bytes)
Event: 28.041 Thread 0x00000253bdee67c0 nmethod 7626 0x00000253a8dd7710 code [0x00000253a8dd78e0, 0x00000253a8dd7b68]
Event: 28.042 Thread 0x00000253bdee67c0 7627       2       org.jetbrains.kotlin.resolve.lazy.descriptors.LazyClassDescriptor::getCompanionObjectDescriptor (13 bytes)
Event: 28.042 Thread 0x00000253bdee67c0 nmethod 7627 0x00000253a8dd7d10 code [0x00000253a8dd7ec0, 0x00000253a8dd8048]
Event: 28.043 Thread 0x00000253bdee67c0 7628       2       org.jetbrains.kotlin.resolve.lazy.descriptors.LazyClassDescriptor::getCompanionObjectDescriptor (5 bytes)
Event: 28.043 Thread 0x00000253bdee67c0 nmethod 7628 0x00000253a8dd8110 code [0x00000253a8dd82c0, 0x00000253a8dd8448]
Event: 28.044 Thread 0x00000253bdee67c0 7630       2       org.jetbrains.kotlin.descriptors.impl.PropertyDescriptorImpl::getOriginal (5 bytes)
Event: 28.044 Thread 0x00000253bdee67c0 nmethod 7630 0x00000253a8dd8510 code [0x00000253a8dd86c0, 0x00000253a8dd88e8]
Event: 28.045 Thread 0x00000253bdee67c0 7631       2       org.jetbrains.kotlin.com.intellij.util.keyFMap.PairElementsFMap::<init> (164 bytes)

GC Heap History (20 events):
Event: 20.805 GC heap after
{Heap after GC invocations=25 (full 0):
 garbage-first heap   total 60416K, used 34185K [0x0000000081c00000, 0x0000000100000000)
  region size 1024K, 2 young (2048K), 2 survivors (2048K)
 Metaspace       used 50461K, committed 50752K, reserved 1097728K
  class space    used 6073K, committed 6208K, reserved 1048576K
}
Event: 20.847 GC heap before
{Heap before GC invocations=25 (full 0):
 garbage-first heap   total 60416K, used 34185K [0x0000000081c00000, 0x0000000100000000)
  region size 1024K, 3 young (3072K), 2 survivors (2048K)
 Metaspace       used 50478K, committed 50752K, reserved 1097728K
  class space    used 6073K, committed 6208K, reserved 1048576K
}
Event: 20.852 GC heap after
{Heap after GC invocations=26 (full 0):
 garbage-first heap   total 60416K, used 34483K [0x0000000081c00000, 0x0000000100000000)
  region size 1024K, 1 young (1024K), 1 survivors (1024K)
 Metaspace       used 50478K, committed 50752K, reserved 1097728K
  class space    used 6073K, committed 6208K, reserved 1048576K
}
Event: 20.969 GC heap before
{Heap before GC invocations=26 (full 0):
 garbage-first heap   total 66560K, used 45747K [0x0000000081c00000, 0x0000000100000000)
  region size 1024K, 12 young (12288K), 1 survivors (1024K)
 Metaspace       used 50529K, committed 50816K, reserved 1097728K
  class space    used 6073K, committed 6208K, reserved 1048576K
}
Event: 20.977 GC heap after
{Heap after GC invocations=27 (full 0):
 garbage-first heap   total 66560K, used 38126K [0x0000000081c00000, 0x0000000100000000)
  region size 1024K, 2 young (2048K), 2 survivors (2048K)
 Metaspace       used 50529K, committed 50816K, reserved 1097728K
  class space    used 6073K, committed 6208K, reserved 1048576K
}
Event: 21.142 GC heap before
{Heap before GC invocations=28 (full 0):
 garbage-first heap   total 66560K, used 50414K [0x0000000081c00000, 0x0000000100000000)
  region size 1024K, 14 young (14336K), 2 survivors (2048K)
 Metaspace       used 50668K, committed 50944K, reserved 1097728K
  class space    used 6081K, committed 6208K, reserved 1048576K
}
Event: 21.147 GC heap after
{Heap after GC invocations=29 (full 0):
 garbage-first heap   total 96256K, used 37641K [0x0000000081c00000, 0x0000000100000000)
  region size 1024K, 1 young (1024K), 1 survivors (1024K)
 Metaspace       used 50668K, committed 50944K, reserved 1097728K
  class space    used 6081K, committed 6208K, reserved 1048576K
}
Event: 23.022 GC heap before
{Heap before GC invocations=29 (full 0):
 garbage-first heap   total 96256K, used 69385K [0x0000000081c00000, 0x0000000100000000)
  region size 1024K, 32 young (32768K), 1 survivors (1024K)
 Metaspace       used 55362K, committed 55680K, reserved 1105920K
  class space    used 6591K, committed 6720K, reserved 1048576K
}
Event: 23.037 GC heap after
{Heap after GC invocations=30 (full 0):
 garbage-first heap   total 96256K, used 41898K [0x0000000081c00000, 0x0000000100000000)
  region size 1024K, 4 young (4096K), 4 survivors (4096K)
 Metaspace       used 55362K, committed 55680K, reserved 1105920K
  class space    used 6591K, committed 6720K, reserved 1048576K
}
Event: 25.610 GC heap before
{Heap before GC invocations=30 (full 0):
 garbage-first heap   total 96256K, used 68522K [0x0000000081c00000, 0x0000000100000000)
  region size 1024K, 30 young (30720K), 4 survivors (4096K)
 Metaspace       used 60036K, committed 60352K, reserved 1105920K
  class space    used 7147K, committed 7296K, reserved 1048576K
}
Event: 25.633 GC heap after
{Heap after GC invocations=31 (full 0):
 garbage-first heap   total 96256K, used 46130K [0x0000000081c00000, 0x0000000100000000)
  region size 1024K, 4 young (4096K), 4 survivors (4096K)
 Metaspace       used 60036K, committed 60352K, reserved 1105920K
  class space    used 7147K, committed 7296K, reserved 1048576K
}
Event: 26.639 GC heap before
{Heap before GC invocations=31 (full 0):
 garbage-first heap   total 96256K, used 70706K [0x0000000081c00000, 0x0000000100000000)
  region size 1024K, 29 young (29696K), 4 survivors (4096K)
 Metaspace       used 60565K, committed 60800K, reserved 1105920K
  class space    used 7168K, committed 7296K, reserved 1048576K
}
Event: 26.662 GC heap after
{Heap after GC invocations=32 (full 0):
 garbage-first heap   total 96256K, used 50352K [0x0000000081c00000, 0x0000000100000000)
  region size 1024K, 4 young (4096K), 4 survivors (4096K)
 Metaspace       used 60565K, committed 60800K, reserved 1105920K
  class space    used 7168K, committed 7296K, reserved 1048576K
}
Event: 27.187 GC heap before
{Heap before GC invocations=32 (full 0):
 garbage-first heap   total 96256K, used 73904K [0x0000000081c00000, 0x0000000100000000)
  region size 1024K, 27 young (27648K), 4 survivors (4096K)
 Metaspace       used 60883K, committed 61248K, reserved 1105920K
  class space    used 7200K, committed 7360K, reserved 1048576K
}
Event: 27.212 GC heap after
{Heap after GC invocations=33 (full 0):
 garbage-first heap   total 96256K, used 55293K [0x0000000081c00000, 0x0000000100000000)
  region size 1024K, 4 young (4096K), 4 survivors (4096K)
 Metaspace       used 60883K, committed 61248K, reserved 1105920K
  class space    used 7200K, committed 7360K, reserved 1048576K
}
Event: 27.647 GC heap before
{Heap before GC invocations=34 (full 0):
 garbage-first heap   total 101376K, used 73725K [0x0000000081c00000, 0x0000000100000000)
  region size 1024K, 23 young (23552K), 4 survivors (4096K)
 Metaspace       used 61329K, committed 61696K, reserved 1105920K
  class space    used 7263K, committed 7424K, reserved 1048576K
}
Event: 27.666 GC heap after
{Heap after GC invocations=35 (full 0):
 garbage-first heap   total 101376K, used 58010K [0x0000000081c00000, 0x0000000100000000)
  region size 1024K, 3 young (3072K), 3 survivors (3072K)
 Metaspace       used 61329K, committed 61696K, reserved 1105920K
  class space    used 7263K, committed 7424K, reserved 1048576K
}
Event: 27.674 GC heap before
{Heap before GC invocations=35 (full 0):
 garbage-first heap   total 101376K, used 59034K [0x0000000081c00000, 0x0000000100000000)
  region size 1024K, 4 young (4096K), 3 survivors (3072K)
 Metaspace       used 61329K, committed 61696K, reserved 1105920K
  class space    used 7263K, committed 7424K, reserved 1048576K
}
Event: 27.683 GC heap after
{Heap after GC invocations=36 (full 0):
 garbage-first heap   total 101376K, used 58034K [0x0000000081c00000, 0x0000000100000000)
  region size 1024K, 1 young (1024K), 1 survivors (1024K)
 Metaspace       used 61329K, committed 61696K, reserved 1105920K
  class space    used 7263K, committed 7424K, reserved 1048576K
}
Event: 28.045 GC heap before
{Heap before GC invocations=36 (full 0):
 garbage-first heap   total 101376K, used 79538K [0x0000000081c00000, 0x0000000100000000)
  region size 1024K, 22 young (22528K), 1 survivors (1024K)
 Metaspace       used 61964K, committed 62272K, reserved 1105920K
  class space    used 7346K, committed 7488K, reserved 1048576K
}

Dll operation events (2 events):
Event: 0.056 Loaded shared library C:\Program Files\Android\Android Studio\jbr\bin\java.dll
Event: 6.030 Loaded shared library C:\Program Files\Android\Android Studio\jbr\bin\verify.dll

Deoptimization events (20 events):
Event: 27.288 Thread 0x00000253a29bc7b0 Uncommon trap: trap_request=0xffffff45 fr.pc=0x00000253afad9d54 relative=0x0000000000000134
Event: 27.289 Thread 0x00000253a29bc7b0 Uncommon trap: reason=unstable_if action=reinterpret pc=0x00000253afad9d54 method=org.jetbrains.kotlin.com.intellij.psi.tree.TokenSet.contains(Lorg/jetbrains/kotlin/com/intellij/psi/tree/IElementType;)Z @ 1 c2
Event: 27.289 Thread 0x00000253a29bc7b0 DEOPT PACKING pc=0x00000253afad9d54 sp=0x00000099ba0fc5a0
Event: 27.289 Thread 0x00000253a29bc7b0 DEOPT UNPACKING pc=0x00000253af4469a3 sp=0x00000099ba0fc558 mode 2
Event: 27.373 Thread 0x00000253a29bc7b0 DEOPT PACKING pc=0x00000253a82b1a24 sp=0x00000099ba0fb1e0
Event: 27.373 Thread 0x00000253a29bc7b0 DEOPT UNPACKING pc=0x00000253af447143 sp=0x00000099ba0fa738 mode 0
Event: 27.601 Thread 0x00000253a29bc7b0 DEOPT PACKING pc=0x00000253a82b1a24 sp=0x00000099ba0fc3f0
Event: 27.601 Thread 0x00000253a29bc7b0 DEOPT UNPACKING pc=0x00000253af447143 sp=0x00000099ba0fb948 mode 0
Event: 27.726 Thread 0x00000253a29bc7b0 Uncommon trap: trap_request=0xffffffbe fr.pc=0x00000253afc94a64 relative=0x00000000000012a4
Event: 27.726 Thread 0x00000253a29bc7b0 Uncommon trap: reason=profile_predicate action=maybe_recompile pc=0x00000253afc94a64 method=org.jetbrains.kotlin.serialization.deserialization.descriptors.DeserializedPackageMemberScope.hasClass(Lorg/jetbrains/kotlin/name/Name;)Z @ 65 c2
Event: 27.726 Thread 0x00000253a29bc7b0 DEOPT PACKING pc=0x00000253afc94a64 sp=0x00000099ba0fb510
Event: 27.726 Thread 0x00000253a29bc7b0 DEOPT UNPACKING pc=0x00000253af4469a3 sp=0x00000099ba0fb450 mode 2
Event: 27.727 Thread 0x00000253a29bc7b0 Uncommon trap: trap_request=0xffffffbe fr.pc=0x00000253afc94a64 relative=0x00000000000012a4
Event: 27.727 Thread 0x00000253a29bc7b0 Uncommon trap: reason=profile_predicate action=maybe_recompile pc=0x00000253afc94a64 method=org.jetbrains.kotlin.serialization.deserialization.descriptors.DeserializedPackageMemberScope.hasClass(Lorg/jetbrains/kotlin/name/Name;)Z @ 65 c2
Event: 27.727 Thread 0x00000253a29bc7b0 DEOPT PACKING pc=0x00000253afc94a64 sp=0x00000099ba0fb510
Event: 27.727 Thread 0x00000253a29bc7b0 DEOPT UNPACKING pc=0x00000253af4469a3 sp=0x00000099ba0fb450 mode 2
Event: 27.727 Thread 0x00000253a29bc7b0 Uncommon trap: trap_request=0xffffff45 fr.pc=0x00000253afc93d10 relative=0x0000000000000550
Event: 27.727 Thread 0x00000253a29bc7b0 Uncommon trap: reason=unstable_if action=reinterpret pc=0x00000253afc93d10 method=org.jetbrains.kotlin.serialization.deserialization.descriptors.DeserializedMemberScope.getContributedClassifier(Lorg/jetbrains/kotlin/name/Name;Lorg/jetbrains/kotlin/increme
Event: 27.727 Thread 0x00000253a29bc7b0 DEOPT PACKING pc=0x00000253afc93d10 sp=0x00000099ba0fb3b0
Event: 27.727 Thread 0x00000253a29bc7b0 DEOPT UNPACKING pc=0x00000253af4469a3 sp=0x00000099ba0fb388 mode 2

Classes unloaded (0 events):
No events

Classes redefined (0 events):
No events

Internal exceptions (20 events):
Event: 20.667 Thread 0x00000253a29bc7b0 Exception <a 'java/lang/NoSuchMethodError'{0x0000000087ef74a8}: 'java.lang.Object java.lang.invoke.DirectMethodHandle$Holder.invokeSpecial(java.lang.Object, java.lang.Object, java.lang.Object, java.lang.Object, java.lang.Object, java.lang.Object, java.lang.Object, java.lang.Object, java.lang.Object)'> (0x0000000087ef74a8) 
thrown [s\src\hotspot\share\interpreter\linkResolver.cpp, line 771]
Event: 20.667 Thread 0x00000253a29bc7b0 Exception <a 'java/lang/NoSuchMethodError'{0x0000000087efc3d8}: 'java.lang.Object java.lang.invoke.Invokers$Holder.linkToTargetMethod(java.lang.Object, java.lang.Object, java.lang.Object, java.lang.Object, java.lang.Object, java.lang.Object, java.lang.Object, java.lang.Object)'> (0x0000000087efc3d8) 
thrown [s\src\hotspot\share\interpreter\linkResolver.cpp, line 771]
Event: 22.660 Thread 0x00000253a29bc7b0 Implicit null exception at 0x00000253afb24b40 to 0x00000253afb25130
Event: 22.709 Thread 0x00000253a29bc7b0 Implicit null exception at 0x00000253afbaa380 to 0x00000253afbab530
Event: 23.311 Thread 0x00000253a29bc7b0 Exception <a 'java/lang/NoSuchMethodError'{0x0000000087fcc530}: 'int java.lang.invoke.DirectMethodHandle$Holder.invokeVirtual(java.lang.Object, java.lang.Object, java.lang.Object)'> (0x0000000087fcc530) 
thrown [s\src\hotspot\share\interpreter\linkResolver.cpp, line 771]
Event: 23.337 Thread 0x00000253a29bc7b0 Exception <a 'java/lang/NoSuchMethodError'{0x0000000087e04a40}: 'java.lang.Object java.lang.invoke.DirectMethodHandle$Holder.invokeStatic(java.lang.Object, java.lang.Object, java.lang.Object, java.lang.Object, int)'> (0x0000000087e04a40) 
thrown [s\src\hotspot\share\interpreter\linkResolver.cpp, line 771]
Event: 23.338 Thread 0x00000253a29bc7b0 Exception <a 'java/lang/NoSuchMethodError'{0x0000000087e0e1d8}: 'java.lang.Object java.lang.invoke.DirectMethodHandle$Holder.newInvokeSpecial(java.lang.Object, java.lang.Object, java.lang.Object, java.lang.Object, int)'> (0x0000000087e0e1d8) 
thrown [s\src\hotspot\share\interpreter\linkResolver.cpp, line 771]
Event: 23.339 Thread 0x00000253a29bc7b0 Exception <a 'java/lang/NoSuchMethodError'{0x0000000087e127b8}: 'java.lang.Object java.lang.invoke.DirectMethodHandle$Holder.invokeSpecial(java.lang.Object, java.lang.Object, java.lang.Object, java.lang.Object, java.lang.Object, int)'> (0x0000000087e127b8) 
thrown [s\src\hotspot\share\interpreter\linkResolver.cpp, line 771]
Event: 23.339 Thread 0x00000253a29bc7b0 Exception <a 'java/lang/NoSuchMethodError'{0x0000000087e16748}: 'java.lang.Object java.lang.invoke.Invokers$Holder.linkToTargetMethod(java.lang.Object, java.lang.Object, java.lang.Object, int, java.lang.Object)'> (0x0000000087e16748) 
thrown [s\src\hotspot\share\interpreter\linkResolver.cpp, line 771]
Event: 23.367 Thread 0x00000253a29bc7b0 Exception <a 'java/lang/NoSuchMethodError'{0x0000000087eb85f0}: 'java.lang.Object java.lang.invoke.DirectMethodHandle$Holder.invokeStaticInit(java.lang.Object, java.lang.Object, java.lang.Object)'> (0x0000000087eb85f0) 
thrown [s\src\hotspot\share\interpreter\linkResolver.cpp, line 771]
Event: 23.514 Thread 0x00000253a29bc7b0 Exception <a 'java/lang/NoSuchMethodError'{0x00000000873205a0}: 'int java.lang.invoke.DirectMethodHandle$Holder.invokeSpecialIFC(java.lang.Object, java.lang.Object, java.lang.Object, java.lang.Object, java.lang.Object)'> (0x00000000873205a0) 
thrown [s\src\hotspot\share\interpreter\linkResolver.cpp, line 771]
Event: 23.517 Thread 0x00000253a29bc7b0 Exception <a 'java/lang/NoSuchMethodError'{0x000000008732af60}: 'java.lang.Object java.lang.invoke.DirectMethodHandle$Holder.invokeStatic(java.lang.Object, java.lang.Object, int)'> (0x000000008732af60) 
thrown [s\src\hotspot\share\interpreter\linkResolver.cpp, line 771]
Event: 23.524 Thread 0x00000253a29bc7b0 Exception <a 'java/lang/NoSuchMethodError'{0x00000000873469a8}: 'void java.lang.invoke.DirectMethodHandle$Holder.invokeInterface(java.lang.Object, java.lang.Object, java.lang.Object)'> (0x00000000873469a8) 
thrown [s\src\hotspot\share\interpreter\linkResolver.cpp, line 771]
Event: 23.622 Thread 0x00000253a29bc7b0 Exception <a 'java/lang/NoSuchMethodError'{0x0000000087284948}: 'void java.lang.invoke.DirectMethodHandle$Holder.invokeInterface(java.lang.Object, java.lang.Object)'> (0x0000000087284948) 
thrown [s\src\hotspot\share\interpreter\linkResolver.cpp, line 771]
Event: 25.652 Thread 0x00000253a29bc7b0 Exception <a 'java/lang/NoSuchMethodError'{0x0000000089b52f88}: 'int java.lang.invoke.DirectMethodHandle$Holder.invokeInterface(java.lang.Object, java.lang.Object)'> (0x0000000089b52f88) 
thrown [s\src\hotspot\share\interpreter\linkResolver.cpp, line 771]
Event: 27.096 Thread 0x00000253a29bc7b0 Exception <a 'java/lang/NoSuchMethodError'{0x00000000865e51c0}: 'java.lang.Object java.lang.invoke.DirectMethodHandle$Holder.newInvokeSpecial(java.lang.Object, int, java.lang.Object)'> (0x00000000865e51c0) 
thrown [s\src\hotspot\share\interpreter\linkResolver.cpp, line 771]
Event: 27.234 Thread 0x00000253a29bc7b0 Exception <a 'java/lang/NoSuchMethodError'{0x0000000088039b20}: 'java.lang.Object java.lang.invoke.DirectMethodHandle$Holder.newInvokeSpecial(java.lang.Object, java.lang.Object, java.lang.Object, java.lang.Object, java.lang.Object, java.lang.Object)'> (0x0000000088039b20) 
thrown [s\src\hotspot\share\interpreter\linkResolver.cpp, line 771]
Event: 27.241 Thread 0x00000253a29bc7b0 Implicit null exception at 0x00000253afc61c6f to 0x00000253afc61e48
Event: 27.273 Thread 0x00000253a29bc7b0 Implicit null exception at 0x00000253afc7dc30 to 0x00000253afc7e018
Event: 27.288 Thread 0x00000253a29bc7b0 Implicit null exception at 0x00000253afad9c4c to 0x00000253afad9d40

VM Operations (20 events):
Event: 27.089 Executing VM operation: HandshakeAllThreads done
Event: 27.116 Executing VM operation: HandshakeAllThreads
Event: 27.116 Executing VM operation: HandshakeAllThreads done
Event: 27.144 Executing VM operation: HandshakeAllThreads
Event: 27.144 Executing VM operation: HandshakeAllThreads done
Event: 27.187 Executing VM operation: G1CollectForAllocation
Event: 27.212 Executing VM operation: G1CollectForAllocation done
Event: 27.344 Executing VM operation: G1Concurrent
Event: 27.359 Executing VM operation: G1Concurrent done
Event: 27.424 Executing VM operation: G1Concurrent
Event: 27.424 Executing VM operation: G1Concurrent done
Event: 27.647 Executing VM operation: G1CollectForAllocation
Event: 27.666 Executing VM operation: G1CollectForAllocation done
Event: 27.673 Executing VM operation: G1CollectForAllocation
Event: 27.683 Executing VM operation: G1CollectForAllocation done
Event: 27.700 Executing VM operation: HandshakeAllThreads
Event: 27.700 Executing VM operation: HandshakeAllThreads done
Event: 27.753 Executing VM operation: HandshakeAllThreads
Event: 27.753 Executing VM operation: HandshakeAllThreads done
Event: 28.045 Executing VM operation: G1CollectForAllocation

Events (20 events):
Event: 23.520 loading class java/util/stream/Nodes$EmptyNode$OfDouble
Event: 23.520 loading class java/util/stream/Node$OfDouble
Event: 23.520 loading class java/util/stream/Node$OfDouble done
Event: 23.520 loading class java/util/stream/Nodes$EmptyNode$OfDouble done
Event: 23.520 loading class java/util/stream/Nodes$SpinedNodeBuilder
Event: 23.520 loading class java/util/stream/Node$Builder
Event: 23.520 loading class java/util/stream/Node$Builder done
Event: 23.520 loading class java/util/stream/SpinedBuffer
Event: 23.521 loading class java/util/stream/AbstractSpinedBuffer
Event: 23.521 loading class java/util/stream/AbstractSpinedBuffer done
Event: 23.521 loading class java/util/stream/SpinedBuffer done
Event: 23.521 loading class java/util/stream/Nodes$SpinedNodeBuilder done
Event: 23.521 loading class java/util/stream/SortedOps$RefSortingSink
Event: 23.521 loading class java/util/stream/SortedOps$AbstractRefSortingSink
Event: 23.521 loading class java/util/stream/SortedOps$AbstractRefSortingSink done
Event: 23.521 loading class java/util/stream/SortedOps$RefSortingSink done
Event: 23.621 loading class java/util/HashMap$EntrySpliterator
Event: 23.621 loading class java/util/HashMap$HashMapSpliterator
Event: 23.621 loading class java/util/HashMap$HashMapSpliterator done
Event: 23.621 loading class java/util/HashMap$EntrySpliterator done


Dynamic libraries:
0x00007ff6a76c0000 - 0x00007ff6a76ca000 	C:\Program Files\Android\Android Studio\jbr\bin\java.exe
0x00007ffce5590000 - 0x00007ffce5788000 	C:\Windows\SYSTEM32\ntdll.dll
0x00007ffce4f80000 - 0x00007ffce503f000 	C:\Windows\System32\KERNEL32.DLL
0x00007ffce2fd0000 - 0x00007ffce32c6000 	C:\Windows\System32\KERNELBASE.dll
0x00007ffce3430000 - 0x00007ffce3530000 	C:\Windows\System32\ucrtbase.dll
0x00007ffcaa180000 - 0x00007ffcaa197000 	C:\Program Files\Android\Android Studio\jbr\bin\jli.dll
0x00007ffce4cc0000 - 0x00007ffce4e5d000 	C:\Windows\System32\USER32.dll
0x00007ffce2e60000 - 0x00007ffce2e82000 	C:\Windows\System32\win32u.dll
0x00007ffce36c0000 - 0x00007ffce36ec000 	C:\Windows\System32\GDI32.dll
0x00007ffce2d40000 - 0x00007ffce2e55000 	C:\Windows\System32\gdi32full.dll
0x00007ffce2c70000 - 0x00007ffce2d0d000 	C:\Windows\System32\msvcp_win.dll
0x00007ffcdce10000 - 0x00007ffcdce2b000 	C:\Program Files\Android\Android Studio\jbr\bin\VCRUNTIME140.dll
0x00007ffcce440000 - 0x00007ffcce6da000 	C:\Windows\WinSxS\amd64_microsoft.windows.common-controls_6595b64144ccf1df_6.0.19041.1110_none_60b5254171f9507e\COMCTL32.dll
0x00007ffce5190000 - 0x00007ffce522e000 	C:\Windows\System32\msvcrt.dll
0x00007ffce38c0000 - 0x00007ffce38f0000 	C:\Windows\System32\IMM32.DLL
0x00007ffcde650000 - 0x00007ffcde65c000 	C:\Program Files\Android\Android Studio\jbr\bin\vcruntime140_1.dll
0x00007ffca7de0000 - 0x00007ffca7e6d000 	C:\Program Files\Android\Android Studio\jbr\bin\msvcp140.dll
0x00007ffc77a80000 - 0x00007ffc786ed000 	C:\Program Files\Android\Android Studio\jbr\bin\server\jvm.dll
0x00007ffce4e60000 - 0x00007ffce4f0f000 	C:\Windows\System32\ADVAPI32.dll
0x00007ffce36f0000 - 0x00007ffce378c000 	C:\Windows\System32\sechost.dll
0x00007ffce4360000 - 0x00007ffce4486000 	C:\Windows\System32\RPCRT4.dll
0x00007ffcccf90000 - 0x00007ffcccf99000 	C:\Windows\SYSTEM32\WSOCK32.dll
0x00007ffce4f10000 - 0x00007ffce4f7b000 	C:\Windows\System32\WS2_32.dll
0x00007ffcce210000 - 0x00007ffcce237000 	C:\Windows\SYSTEM32\WINMM.dll
0x00007ffcdc3e0000 - 0x00007ffcdc3ea000 	C:\Windows\SYSTEM32\VERSION.dll
0x00007ffce14b0000 - 0x00007ffce14c2000 	C:\Windows\SYSTEM32\kernel.appcore.dll
0x00007ffcd7b80000 - 0x00007ffcd7b8a000 	C:\Program Files\Android\Android Studio\jbr\bin\jimage.dll
0x00007ffce11c0000 - 0x00007ffce13a4000 	C:\Windows\SYSTEM32\DBGHELP.DLL
0x00007ffcc9f10000 - 0x00007ffcc9f44000 	C:\Windows\SYSTEM32\dbgcore.DLL
0x00007ffce2f40000 - 0x00007ffce2fc2000 	C:\Windows\System32\bcryptPrimitives.dll
0x00007ffca8270000 - 0x00007ffca8295000 	C:\Program Files\Android\Android Studio\jbr\bin\java.dll
0x00007ffcb34b0000 - 0x00007ffcb34c8000 	C:\Program Files\Android\Android Studio\jbr\bin\zip.dll
0x00007ffce4510000 - 0x00007ffce4c54000 	C:\Windows\System32\SHELL32.dll
0x00007ffce0950000 - 0x00007ffce10e4000 	C:\Windows\SYSTEM32\windows.storage.dll
0x00007ffce3ff0000 - 0x00007ffce4344000 	C:\Windows\System32\combase.dll
0x00007ffce25e0000 - 0x00007ffce260e000 	C:\Windows\SYSTEM32\Wldp.dll
0x00007ffce5320000 - 0x00007ffce53cd000 	C:\Windows\System32\SHCORE.dll
0x00007ffce4c60000 - 0x00007ffce4cb5000 	C:\Windows\System32\shlwapi.dll
0x00007ffce2ba0000 - 0x00007ffce2bc5000 	C:\Windows\SYSTEM32\profapi.dll
0x00007ffcb2e10000 - 0x00007ffcb2e29000 	C:\Program Files\Android\Android Studio\jbr\bin\net.dll
0x00007ffcd60e0000 - 0x00007ffcd61ea000 	C:\Windows\SYSTEM32\WINHTTP.dll
0x00007ffce2340000 - 0x00007ffce23aa000 	C:\Windows\system32\mswsock.dll
0x00007ffcb27d0000 - 0x00007ffcb27e6000 	C:\Program Files\Android\Android Studio\jbr\bin\nio.dll
0x00007ffcb98c0000 - 0x00007ffcb98d0000 	C:\Program Files\Android\Android Studio\jbr\bin\verify.dll

dbghelp: loaded successfully - version: 4.0.5 - missing functions: none
symbol engine: initialized successfully - sym options: 0x614 - pdb path: .;C:\Program Files\Android\Android Studio\jbr\bin;C:\Windows\SYSTEM32;C:\Windows\WinSxS\amd64_microsoft.windows.common-controls_6595b64144ccf1df_6.0.19041.1110_none_60b5254171f9507e;C:\Program Files\Android\Android Studio\jbr\bin\server

VM Arguments:
java_command: org.jetbrains.kotlin.cli.jvm.K2JVMCompiler @D:\RangDong\ReactNative\Meno\node_modules\react-native-screens\android\build\20230729_10401576637486560226.compiler.options
java_class_path (initial): C:\Users\DT'S COMPUTER\.gradle\caches\modules-2\files-2.1\org.jetbrains.kotlin\kotlin-compiler-embeddable\1.6.21\97bdd5a752ce73b58ef16c17bc7f0ea2faff7a2e\kotlin-compiler-embeddable-1.6.21.jar;C:\Users\DT'S COMPUTER\.gradle\caches\modules-2\files-2.1\org.jetbrains.kotlin\kotlin-reflect\1.6.21\5dc3574d9b7bebfcb4ec6b10ada4aaa9e140bd0b\kotlin-reflect-1.6.21.jar;C:\Users\DT'S COMPUTER\.gradle\caches\modules-2\files-2.1\org.jetbrains.kotlin\kotlin-stdlib\1.6.21\11ef67f1900634fd951bad28c53ec957fabbe5b8\kotlin-stdlib-1.6.21.jar;C:\Users\DT'S COMPUTER\.gradle\caches\modules-2\files-2.1\org.jetbrains.kotlin\kotlin-script-runtime\1.6.21\99c6675100da5d6d5b1c5a1032f27f28008d101b\kotlin-script-runtime-1.6.21.jar;C:\Users\DT'S COMPUTER\.gradle\caches\modules-2\files-2.1\org.jetbrains.kotlin\kotlin-daemon-embeddable\1.6.21\46b78cf392e1c4f10854c3cadba44abb7b82250f\kotlin-daemon-embeddable-1.6.21.jar;C:\Users\DT'S COMPUTER\.gradle\caches\modules-2\files-2.1\org.jetbrains.intellij.deps\trove4j\1.0.20200330\3afb14d5f9ceb459d724e907a21145e8ff394f02\trove4j-1.0.20200330.jar;C:\Users\DT'S COMPUTER\.gradle\caches\modules-2\files-2.1\net.java.dev.jna\jna\5.6.0\330f2244e9030119ab3030fc3fededc86713d9cc\jna-5.6.0.jar;C:\Users\DT'S COMPUTER\.gradle\caches\modules-2\files-2.1\org.jetbrains.kotlin\kotlin-stdlib-common\1.6.21\5e5b55c26dbc80372a920aef60eb774b714559b8\kotlin-stdlib-common-1.6.21.jar;C:\Users\DT'S COMPUTER\.gradle\caches\modules-2\files-2.1\org.jetbrains\annotations\13.0\919f0dfe192fb4e063e7dacadee7f8bb9a2672a9\annotations-13.0.jar
Launcher Type: SUN_STANDARD

[Global flags]
     intx CICompilerCount                          = 3                                         {product} {ergonomic}
     uint ConcGCThreads                            = 1                                         {product} {ergonomic}
     uint G1ConcRefinementThreads                  = 4                                         {product} {ergonomic}
   size_t G1HeapRegionSize                         = 1048576                                   {product} {ergonomic}
    uintx GCDrainStackTargetSize                   = 64                                        {product} {ergonomic}
   size_t InitialHeapSize                          = 134217728                                 {product} {ergonomic}
   size_t MarkStackSize                            = 4194304                                   {product} {ergonomic}
   size_t MaxHeapSize                              = 2118123520                                {product} {ergonomic}
   size_t MaxNewSize                               = 1270874112                                {product} {ergonomic}
   size_t MinHeapDeltaBytes                        = 1048576                                   {product} {ergonomic}
   size_t MinHeapSize                              = 8388608                                   {product} {ergonomic}
    uintx NonNMethodCodeHeapSize                   = 5832780                                {pd product} {ergonomic}
    uintx NonProfiledCodeHeapSize                  = 122912730                              {pd product} {ergonomic}
    uintx ProfiledCodeHeapSize                     = 122912730                              {pd product} {ergonomic}
    uintx ReservedCodeCacheSize                    = 251658240                              {pd product} {ergonomic}
     bool SegmentedCodeCache                       = true                                      {product} {ergonomic}
   size_t SoftMaxHeapSize                          = 2118123520                             {manageable} {ergonomic}
     bool UseCompressedClassPointers               = true                           {product lp64_product} {ergonomic}
     bool UseCompressedOops                        = true                           {product lp64_product} {ergonomic}
     bool UseG1GC                                  = true                                      {product} {ergonomic}
     bool UseLargePagesIndividualAllocation        = false                                  {pd product} {ergonomic}

Logging:
Log output configuration:
 #0: stdout all=warning uptime,level,tags
 #1: stderr all=off uptime,level,tags

Environment Variables:
JAVA_HOME=C:\Users\DT'S COMPUTER\AppData\Local\jdk-11.0.2
PATH=C:\Program Files\Common Files\Oracle\Java\javapath;C:\Python311\Scripts\;C:\Python311\;C:\Windows\system32;C:\Windows;C:\Windows\System32\Wbem;C:\Windows\System32\WindowsPowerShell\v1.0\;C:\Windows\System32\OpenSSH\;C:\Program Files\Microsoft SQL Server\Client SDK\ODBC\170\Tools\Binn\;C:\Program Files (x86)\Microsoft SQL Server\150\Tools\Binn\;C:\Program Files\Microsoft SQL Server\150\Tools\Binn\;C:\Program Files\Microsoft SQL Server\150\DTS\Binn\;C:\Program Files (x86)\Microsoft SQL Server\150\DTS\Binn\;C:\Program Files\Microsoft SQL Server\130\Tools\Binn\;C:\Program Files\dotnet\;C:\Program Files (x86)\Microsoft SQL Server\100\Tools\Binn\;C:\Program Files\Microsoft SQL Server\100\Tools\Binn\;C:\Program Files\Microsoft SQL Server\100\DTS\Binn\;D:\VMSOFT\Xampp\php;C:\Program Files\nodejs\;C:\ProgramData\chocolatey\bin;C:\Program Files\Git\cmd;C:\Users\DT'S COMPUTER\AppData\Local\Android\Sdk\tools;C:\Users\DT'S COMPUTER\AppData\Local\jdk-11.0.2\bin;C:\Users\DT'S COMPUTER\AppData\Local\Microsoft\WindowsApps;C:\Program Files\Azure Data Studio\bin;C:\Users\DT'S COMPUTER\AppData\Local\Programs\Microsoft VS Code\bin;C:\Users\DT'S COMPUTER\.dotnet\tools;C:\Users\DT'S COMPUTER\AppData\Roaming\npm;C:\Users\DT'S COMPUTER\AppData\Local\Android\Sdk\platform-tools;C:\Users\DT'S COMPUTER\AppData\Local\GitHubDesktop\bin
USERNAME=DTCOMPUTER
OS=Windows_NT
PROCESSOR_IDENTIFIER=Intel64 Family 6 Model 78 Stepping 3, GenuineIntel
TMP=C:\Users\DT'SCO~1\AppData\Local\Temp
TEMP=C:\Users\DT'SCO~1\AppData\Local\Temp



---------------  S Y S T E M  ---------------

OS:
 Windows 10 , 64 bit Build 19041 (10.0.19041.3155)
OS uptime: 5 days 18:40 hours

CPU: total 4 (initial active 4) (2 cores per cpu, 2 threads per core) family 6 model 78 stepping 3 microcode 0xe2, cx8, cmov, fxsr, ht, mmx, 3dnowpref, sse, sse2, sse3, ssse3, sse4.1, sse4.2, popcnt, lzcnt, tsc, tscinvbit, avx, avx2, aes, erms, clmul, bmi1, bmi2, rtm, adx, fma, vzeroupper, clflush, clflushopt

Memory: 4k page, system-wide physical 8073M (314M free)
TotalPageFile size 18580M (AvailPageFile size 68M)
current process WorkingSet (physical memory assigned to process): 254M, peak: 254M
current process commit charge ("private bytes"): 311M, peak: 407M

vm_info: OpenJDK 64-Bit Server VM (17.0.6+0-b2043.56-9586694) for windows-amd64 JRE (17.0.6+0-b2043.56-9586694), built on Feb  9 2023 20:06:20 by "androidbuild" with MS VC++ 16.10 / 16.11 (VS2019)

END.
